Running: C:\Xilinx\13.4\ISE_DS\ISE\bin\nt\unwrapped\fuse.exe -intstyle ise -incremental -o M:/CENG 441/CORDICController/ControllerTB_isim_beh.exe -prj M:/CENG 441/CORDICController/ControllerTB_beh.prj work.ControllerTB 
ISim O.87xd (signature 0x2f00eba5)
Number of CPUs detected in this system: 4
Turning on mult-threading, number of parallel sub-compilation jobs: 8 
Determining compilation order of HDL files
Parsing VHDL file "M:/CENG 441/CORDICController/Controller.vhd" into library work
Parsing VHDL file "M:/CENG 441/CORDICController/ControllerTB.vhd" into library work
Starting static elaboration
Completed static elaboration
Fuse Memory Usage: 101736 KB
Fuse CPU Usage: 265 ms
Compiling package standard
Compiling package std_logic_1164
Compiling package numeric_std
Compiling architecture behavioral of entity Controller [controller_default]
Compiling architecture behavior of entity controllertb
Time Resolution for simulation is 1ps.
Compiled 6 VHDL Units
Built simulation executable M:/CENG 441/CORDICController/ControllerTB_isim_beh.exe
Fuse Memory Usage: 135832 KB
Fuse CPU Usage: 452 ms
